<?xml version="1.0" encoding="UTF-8"?>
<!-- Generated by org.testng.reporters.JUnitReportReporter -->
<testsuite hostname="DESKTOP-BE7R8KE" failures="0" tests="1" name="com.testng.TestRunner" time="0.007" errors="0" timestamp="2025-07-22T16:28:47 IST" skipped="0">
  <testcase classname="com.testng.TestRunner" name="demo" time="0.007"/>
</testsuite> <!-- com.testng.TestRunner -->
